<?xml version="1.0" encoding="UTF-8"?>
<testng-results ignored="0" total="2" passed="2" failed="0" skipped="0">
  <reporter-output>
  </reporter-output>
  <suite started-at="2022-09-30T16:07:33 IST" name="Default suite" finished-at="2022-09-30T16:07:46 IST" duration-ms="12455">
    <groups>
    </groups>
    <test started-at="2022-09-30T16:07:33 IST" name="Default test" finished-at="2022-09-30T16:07:46 IST" duration-ms="12455">
      <class name="first.CodingTest">
        <test-method is-config="true" signature="OpenBrowser()[pri:0, instance:first.CodingTest@4310d43]" started-at="2022-09-30T16:07:33 IST" name="OpenBrowser" finished-at="2022-09-30T16:07:41 IST" duration-ms="7253" status="PASS">
          <reporter-output>
          </reporter-output>
        </test-method> <!-- OpenBrowser -->
        <test-method signature="releasedate()[pri:0, instance:first.CodingTest@4310d43]" started-at="2022-09-30T16:07:41 IST" name="releasedate" finished-at="2022-09-30T16:07:41 IST" duration-ms="411" status="PASS">
          <reporter-output>
          </reporter-output>
        </test-method> <!-- releasedate -->
        <test-method is-config="true" signature="Quit()[pri:0, instance:first.CodingTest@4310d43]" started-at="2022-09-30T16:07:41 IST" name="Quit" finished-at="2022-09-30T16:07:42 IST" duration-ms="575" status="PASS">
          <reporter-output>
          </reporter-output>
        </test-method> <!-- Quit -->
        <test-method is-config="true" signature="OpenBrowser()[pri:0, instance:first.CodingTest@4310d43]" started-at="2022-09-30T16:07:42 IST" name="OpenBrowser" finished-at="2022-09-30T16:07:45 IST" duration-ms="3608" status="PASS">
          <reporter-output>
          </reporter-output>
        </test-method> <!-- OpenBrowser -->
        <test-method signature="relesecountry()[pri:0, instance:first.CodingTest@4310d43]" started-at="2022-09-30T16:07:45 IST" name="relesecountry" finished-at="2022-09-30T16:07:45 IST" duration-ms="88" status="PASS">
          <reporter-output>
          </reporter-output>
        </test-method> <!-- relesecountry -->
        <test-method is-config="true" signature="Quit()[pri:0, instance:first.CodingTest@4310d43]" started-at="2022-09-30T16:07:45 IST" name="Quit" finished-at="2022-09-30T16:07:46 IST" duration-ms="416" status="PASS">
          <reporter-output>
          </reporter-output>
        </test-method> <!-- Quit -->
      </class> <!-- first.CodingTest -->
    </test> <!-- Default test -->
  </suite> <!-- Default suite -->
</testng-results>
