<?xml version="1.0" encoding="UTF-8"?>
<testng-results ignored="0" total="1" passed="1" failed="0" skipped="0">
  <reporter-output>
  </reporter-output>
  <suite started-at="2022-09-30T18:25:19 IST" name="Default suite" finished-at="2022-09-30T18:25:36 IST" duration-ms="16476">
    <groups>
    </groups>
    <test started-at="2022-09-30T18:25:19 IST" name="Default test" finished-at="2022-09-30T18:25:36 IST" duration-ms="16476">
      <class name="requests.GetReques2">
        <test-method signature="test()[pri:0, instance:requests.GetReques2@1f97cf0d]" started-at="2022-09-30T18:25:19 IST" name="test" finished-at="2022-09-30T18:25:36 IST" duration-ms="16165" status="PASS">
          <reporter-output>
          </reporter-output>
        </test-method> <!-- test -->
      </class> <!-- requests.GetReques2 -->
    </test> <!-- Default test -->
  </suite> <!-- Default suite -->
</testng-results>
